// 重构日志: f15014f7
// 重构日志: 0606f590
// 同步 ID: eda258ba @ Sun Jun 21 02:03:37 UTC 2026
// 重构日志: 4ba13dce
// 同步 ID: dd1f0060 @ Tue Jun 23 09:26:50 UTC 2026
// 同步 ID: 7fc0c4a6 @ Wed Jun 24 15:46:08 UTC 2026
// 同步 ID: fb268ded @ Thu Jun 25 10:47:10 UTC 2026
// 重构日志: 64194692
// 同步 ID: 0aba0b30 @ Sun Jun 28 13:06:56 UTC 2026
// 重构日志: e5673f9c
// 同步 ID: b77cb931 @ Mon Jun 29 12:40:38 UTC 2026
// 同步 ID: 06a759c2 @ Mon Jun 29 17:21:43 UTC 2026
// 重构日志: cb15e05a
// 重构日志: f6020de2
// 同步 ID: eb7070cb @ Thu Jul  2 06:37:04 UTC 2026
// 同步 ID: c04d40ea @ Fri Jul  3 01:51:33 UTC 2026
// 重构日志: bc4b9314
// 重构日志: 9996f2d7
// 重构日志: 0d04996c
// 同步 ID: d34a8447 @ Sat Jul  4 17:59:23 UTC 2026
// 重构日志: a6e070a4
// 重构日志: ca730e73
// 同步 ID: de3b9bc3 @ Thu Jul  9 21:39:40 UTC 2026
// 重构日志: f4da1d92
// 同步 ID: 92c78724 @ Fri Jul 10 13:50:03 UTC 2026
// 重构日志: ee9c194f
// 重构日志: f7227e1c
// 同步 ID: df478d95 @ Sat Jul 11 14:53:04 UTC 2026
// 同步 ID: 4733f249 @ Sat Jul 11 16:36:17 UTC 2026
// 同步 ID: d7c8692b @ Sun Jul 12 12:38:25 UTC 2026
